[ 2015-10-01T10:07:29+08:00 ] 127.0.0.1 /mvc-imook/weibo_v/1.0/User/Index/test
INFO: [ app_init ] --START--
INFO: Run Behavior\BuildLiteBehavior [ RunTime:0.000000s ]
INFO: [ app_init ] --END-- [ RunTime:0.001000s ]
ERR: 无法加载模块:User

[ 2015-10-01T10:08:01+08:00 ] 127.0.0.1 /mvc-imook/weibo_v/1.0/User/Index/test
INFO: [ app_init ] --START--
INFO: Run Behavior\BuildLiteBehavior [ RunTime:0.000000s ]
INFO: [ app_init ] --END-- [ RunTime:0.000000s ]
ERR: 无法加载模块:User

[ 2015-10-01T10:08:02+08:00 ] 127.0.0.1 /mvc-imook/weibo_v/1.0/User/Index/test
INFO: [ app_init ] --START--
INFO: Run Behavior\BuildLiteBehavior [ RunTime:0.000000s ]
INFO: [ app_init ] --END-- [ RunTime:0.000000s ]
ERR: 无法加载模块:User

[ 2015-10-01T10:08:03+08:00 ] 127.0.0.1 /mvc-imook/weibo_v/1.0/User/Index/test
INFO: [ app_init ] --START--
INFO: Run Behavior\BuildLiteBehavior [ RunTime:0.000000s ]
INFO: [ app_init ] --END-- [ RunTime:0.000000s ]
ERR: 无法加载模块:User

