[ 2015-10-10T11:03:01+08:00 ] 127.0.0.1 /thinkphp/1.9/User
INFO: [ app_init ] --START--
INFO: Run Behavior\BuildLiteBehavior [ RunTime:0.000000s ]
INFO: [ app_init ] --END-- [ RunTime:0.001000s ]
ERR: 无法加载模块:User

[ 2015-10-10T11:03:15+08:00 ] 127.0.0.1 /thinkphp/1.9/User
INFO: [ app_init ] --START--
INFO: Run Behavior\BuildLiteBehavior [ RunTime:0.000000s ]
INFO: [ app_init ] --END-- [ RunTime:0.000500s ]
ERR: 无法加载模块:User

[ 2015-10-10T11:03:17+08:00 ] 127.0.0.1 /thinkphp/1.9/User
INFO: [ app_init ] --START--
INFO: Run Behavior\BuildLiteBehavior [ RunTime:0.000000s ]
INFO: [ app_init ] --END-- [ RunTime:0.000500s ]
ERR: 无法加载模块:User

[ 2015-10-10T11:03:29+08:00 ] 127.0.0.1 /thinkphp/1.9/User
INFO: [ app_init ] --START--
INFO: Run Behavior\BuildLiteBehavior [ RunTime:0.000000s ]
INFO: [ app_init ] --END-- [ RunTime:0.000501s ]
ERR: 无法加载模块:User

[ 2015-10-10T11:28:03+08:00 ] 127.0.0.1 /thinkphp/1.9/u/4
INFO: [ app_init ] --START--
INFO: Run Behavior\BuildLiteBehavior [ RunTime:0.000000s ]
INFO: [ app_init ] --END-- [ RunTime:0.000500s ]

[ 2015-10-10T11:28:11+08:00 ] 127.0.0.1 /thinkphp/1.9/u/23sdf
INFO: [ app_init ] --START--
INFO: Run Behavior\BuildLiteBehavior [ RunTime:0.000000s ]
INFO: [ app_init ] --END-- [ RunTime:0.000500s ]

[ 2015-10-10T11:29:24+08:00 ] 127.0.0.1 /thinkphp/1.9/u/23sdf
INFO: [ app_init ] --START--
INFO: Run Behavior\BuildLiteBehavior [ RunTime:0.000000s ]
INFO: [ app_init ] --END-- [ RunTime:0.001000s ]

[ 2015-10-10T11:29:37+08:00 ] 127.0.0.1 /thinkphp/1.9/u/23sdf
INFO: [ app_init ] --START--
INFO: Run Behavior\BuildLiteBehavior [ RunTime:0.000000s ]
INFO: [ app_init ] --END-- [ RunTime:0.000500s ]

[ 2015-10-10T11:29:38+08:00 ] 127.0.0.1 /thinkphp/1.9/u/23sdf
INFO: [ app_init ] --START--
INFO: Run Behavior\BuildLiteBehavior [ RunTime:0.000000s ]
INFO: [ app_init ] --END-- [ RunTime:0.000500s ]

[ 2015-10-10T11:29:40+08:00 ] 127.0.0.1 /thinkphp/1.9/u/23
INFO: [ app_init ] --START--
INFO: Run Behavior\BuildLiteBehavior [ RunTime:0.000000s ]
INFO: [ app_init ] --END-- [ RunTime:0.000500s ]

[ 2015-10-10T11:30:35+08:00 ] 127.0.0.1 /thinkphp/1.9/u/23
INFO: [ app_init ] --START--
INFO: Run Behavior\BuildLiteBehavior [ RunTime:0.000000s ]
INFO: [ app_init ] --END-- [ RunTime:0.000500s ]

[ 2015-10-10T11:30:36+08:00 ] 127.0.0.1 /thinkphp/1.9/u/23
INFO: [ app_init ] --START--
INFO: Run Behavior\BuildLiteBehavior [ RunTime:0.000000s ]
INFO: [ app_init ] --END-- [ RunTime:0.000000s ]

[ 2015-10-10T11:30:46+08:00 ] 127.0.0.1 /thinkphp/1.9/u/23
INFO: [ app_init ] --START--
INFO: Run Behavior\BuildLiteBehavior [ RunTime:0.000000s ]
INFO: [ app_init ] --END-- [ RunTime:0.000000s ]

