[ 2015-10-09T17:15:54+08:00 ] 127.0.0.1 /thinkphp/1.9/User
INFO: [ app_init ] --START--
INFO: Run Behavior\BuildLiteBehavior [ RunTime:0.000000s ]
INFO: [ app_init ] --END-- [ RunTime:0.000500s ]
ERR: 无法加载模块:User

[ 2015-10-09T17:40:22+08:00 ] 127.0.0.1 /thinkphp/1.9/User
INFO: [ app_init ] --START--
INFO: Run Behavior\BuildLiteBehavior [ RunTime:0.000000s ]
INFO: [ app_init ] --END-- [ RunTime:0.000500s ]
ERR: 无法加载模块:User

[ 2015-10-09T17:40:30+08:00 ] 127.0.0.1 /thinkphp/1.9/User/Index
INFO: [ app_init ] --START--
INFO: Run Behavior\BuildLiteBehavior [ RunTime:0.000000s ]
INFO: [ app_init ] --END-- [ RunTime:0.000500s ]
ERR: 无法加载模块:User

[ 2015-10-09T17:40:40+08:00 ] 127.0.0.1 /thinkphp/1.9/index.php/User/Index
INFO: [ app_init ] --START--
INFO: Run Behavior\BuildLiteBehavior [ RunTime:0.000000s ]
INFO: [ app_init ] --END-- [ RunTime:0.000500s ]
ERR: 无法加载模块:User

[ 2015-10-09T17:40:52+08:00 ] 127.0.0.1 /thinkphp/1.9/index.php/User/Index
INFO: [ app_init ] --START--
INFO: Run Behavior\BuildLiteBehavior [ RunTime:0.000000s ]
INFO: [ app_init ] --END-- [ RunTime:0.000000s ]
ERR: 无法加载模块:User

[ 2015-10-09T17:40:59+08:00 ] 127.0.0.1 /thinkphp/1.9/User
INFO: [ app_init ] --START--
INFO: Run Behavior\BuildLiteBehavior [ RunTime:0.000000s ]
INFO: [ app_init ] --END-- [ RunTime:0.000500s ]
ERR: 无法加载模块:User

[ 2015-10-09T17:43:32+08:00 ] 127.0.0.1 /thinkphp/1.9/User
INFO: [ app_init ] --START--
INFO: Run Behavior\BuildLiteBehavior [ RunTime:0.000000s ]
INFO: [ app_init ] --END-- [ RunTime:0.000500s ]
ERR: 无法加载模块:User

[ 2015-10-09T17:43:33+08:00 ] 127.0.0.1 /thinkphp/1.9/User
INFO: [ app_init ] --START--
INFO: Run Behavior\BuildLiteBehavior [ RunTime:0.000000s ]
INFO: [ app_init ] --END-- [ RunTime:0.000500s ]
ERR: 无法加载模块:User

[ 2015-10-09T17:43:34+08:00 ] 127.0.0.1 /thinkphp/1.9/User
INFO: [ app_init ] --START--
INFO: Run Behavior\BuildLiteBehavior [ RunTime:0.000000s ]
INFO: [ app_init ] --END-- [ RunTime:0.000500s ]
ERR: 无法加载模块:User

[ 2015-10-09T17:43:36+08:00 ] 127.0.0.1 /thinkphp/1.9/User
INFO: [ app_init ] --START--
INFO: Run Behavior\BuildLiteBehavior [ RunTime:0.000000s ]
INFO: [ app_init ] --END-- [ RunTime:0.001000s ]
ERR: 无法加载模块:User

[ 2015-10-09T17:43:42+08:00 ] 127.0.0.1 /thinkphp/1.9/User
INFO: [ app_init ] --START--
INFO: Run Behavior\BuildLiteBehavior [ RunTime:0.000000s ]
INFO: [ app_init ] --END-- [ RunTime:0.000500s ]
ERR: 无法加载模块:User

